<?xml version="1.0" encoding="UTF-8"?>
<!-- Generated by org.testng.reporters.JUnitReportReporter -->
<testsuite skipped="0" hostname="DESKTOP-O6C5HTH" name="guru99.guru99_testclass" tests="1" failures="0" timestamp="2020-12-07T19:18:57 IST" time="5.450" errors="0">
  <testcase name="verify" time="5.450" classname="guru99.guru99_testclass"/>
</testsuite> <!-- guru99.guru99_testclass -->
